<?xml version="1.0" encoding="UTF-8"?>
<!-- Generated by org.testng.reporters.JUnitReportReporter -->
<testsuite hostname="DESKTOP-KB64JHN" failures="0" tests="2" name="TestCases.amazonSearchPage" time="2.174" errors="0" timestamp="2024-09-03T15:26:17 IST" skipped="0">
  <testcase classname="TestCases.amazonSearchPage" name="verifyHomePage" time="0.014"/>
  <testcase classname="TestCases.amazonSearchPage" name="verifyAmazonSearch" time="2.160"/>
</testsuite> <!-- TestCases.amazonSearchPage -->
