<?xml version="1.0" encoding="UTF-8"?>
<!-- Generated by org.testng.reporters.JUnitReportReporter -->
<testsuite hostname="DESKTOP-KB64JHN" failures="0" tests="1" name="TestCases.amazonLoginPage" time="0.838" errors="0" timestamp="2024-08-22T17:45:52 IST" skipped="0">
  <testcase classname="TestCases.amazonLoginPage" name="login" time="0.838"/>
</testsuite> <!-- TestCases.amazonLoginPage -->
