<?xml version="1.0" encoding="UTF-8"?>
<!-- Generated by org.testng.reporters.JUnitReportReporter -->
<testsuite hostname="DESKTOP-KB64JHN" failures="0" tests="1" name="TestCases.amazonLoginPage" time="5.379" errors="0" timestamp="2024-09-03T15:26:17 IST" skipped="0">
  <testcase classname="TestCases.amazonLoginPage" name="Valid_loginData" time="5.379"/>
</testsuite> <!-- TestCases.amazonLoginPage -->
