<?xml version="1.0" encoding="UTF-8"?>
<!-- Generated by org.testng.reporters.JUnitReportReporter -->
<testsuite hostname="DESKTOP-KB64JHN" failures="0" tests="2" name="TestCases.amazonLoginPage" time="18.085" errors="0" timestamp="2024-08-28T16:15:56 IST" skipped="0">
  <testcase classname="TestCases.amazonLoginPage" name="Invalid_user_name" time="6.340"/>
  <testcase classname="TestCases.amazonLoginPage" name="Valid_loginData" time="11.745"/>
</testsuite> <!-- TestCases.amazonLoginPage -->
