<?xml version="1.0" encoding="UTF-8"?>
<!-- Generated by org.testng.reporters.JUnitReportReporter -->
<testsuite hostname="DESKTOP-KB64JHN" failures="0" tests="1" name="T1.LaunchApplication" time="7.453" errors="0" timestamp="2024-08-21T12:42:16 IST" skipped="0">
  <testcase classname="T1.LaunchApplication" name="ABC" time="7.453"/>
</testsuite> <!-- T1.LaunchApplication -->
